<?xml version="1.0" encoding="UTF-8"?>
<!-- Generated by org.testng.reporters.JUnitXMLReporter -->
<testsuite ignored="1" hostname="DESKTOP-T1OTQ1E" failures="0" tests="1" name="Default test" time="138.269" errors="0" timestamp="16 Aug 2022 20:59:47 GMT">
  <testcase classname="com.qa.fb.test.LoginTest" name="signUpTest" time="138.177"/>
  <testcase classname="com.qa.fb.test.LoginTest" name="loginTest" time="0.0">
    <ignored/>
  </testcase> <!-- loginTest -->
</testsuite> <!-- Default test -->
