<?xml version="1.0" encoding="UTF-8"?>
<testng-results ignored="1" total="2" passed="1" failed="0" skipped="0">
  <reporter-output>
  </reporter-output>
  <suite started-at="2022-08-16T20:57:28Z" name="Default suite" finished-at="2022-08-16T20:59:46Z" duration-ms="138269">
    <groups>
    </groups>
    <test started-at="2022-08-16T20:57:28Z" name="Default test" finished-at="2022-08-16T20:59:46Z" duration-ms="138269">
      <class name="com.qa.fb.test.LoginTest">
        <test-method signature="signUpTest()[pri:0, instance:com.qa.fb.test.LoginTest@3e74829]" started-at="2022-08-16T20:57:28Z" name="signUpTest" finished-at="2022-08-16T20:59:46Z" duration-ms="138177" status="PASS">
          <reporter-output>
          </reporter-output>
        </test-method> <!-- signUpTest -->
      </class> <!-- com.qa.fb.test.LoginTest -->
    </test> <!-- Default test -->
  </suite> <!-- Default suite -->
</testng-results>
